[debug] [2025-01-27T12:15:51.152Z] ----------------------------------------------------------------------
[debug] [2025-01-27T12:15:51.156Z] Command:       C:\Program Files\nodejs\node.exe C:\Users\Azad Singh\AppData\Roaming\npm\node_modules\firebase-tools\lib\bin\firebase.js init
[debug] [2025-01-27T12:15:51.156Z] CLI Version:   13.29.2
[debug] [2025-01-27T12:15:51.157Z] Platform:      win32
[debug] [2025-01-27T12:15:51.157Z] Node Version:  v22.13.0
[debug] [2025-01-27T12:15:51.157Z] Time:          Mon Jan 27 2025 17:45:51 GMT+0530 (India Standard Time)
[debug] [2025-01-27T12:15:51.157Z] ----------------------------------------------------------------------
[debug] 
[debug] [2025-01-27T12:15:51.425Z] > command requires scopes: ["email","openid","https://www.googleapis.com/auth/cloudplatformprojects.readonly","https://www.googleapis.com/auth/firebase","https://www.googleapis.com/auth/cloud-platform"]
[debug] [2025-01-27T12:15:51.425Z] > authorizing via signed-in user (azad818n.s@gmail.com)
[info] 
     ######## #### ########  ######## ########     ###     ######  ########
     ##        ##  ##     ## ##       ##     ##  ##   ##  ##       ##
     ######    ##  ########  ######   ########  #########  ######  ######
     ##        ##  ##    ##  ##       ##     ## ##     ##       ## ##
     ##       #### ##     ## ######## ########  ##     ##  ######  ########

You're about to initialize a Firebase project in this directory:

  C:\Users\Azad Singh\Mern Mastery\Javascript\Web-Sudoku-Puzzle

Before we get started, keep in mind:

  * You are initializing within an existing Firebase project directory

